<?xml version="1.0" encoding="UTF-8"?>
<testng-results skipped="0" failed="0" ignored="0" total="1" passed="1">
  <reporter-output>
  </reporter-output>
  <suite name="Default suite" duration-ms="47" started-at="2020-08-13T11:55:56Z" finished-at="2020-08-13T11:55:56Z">
    <groups>
    </groups>
    <test name="Default test" duration-ms="47" started-at="2020-08-13T11:55:56Z" finished-at="2020-08-13T11:55:56Z">
      <class name="extentreport.Sample_2">
        <test-method status="PASS" signature="test1()[pri:0, instance:extentreport.Sample_2@ae45eb6]" name="test1" duration-ms="16" started-at="2020-08-13T17:25:56Z" finished-at="2020-08-13T17:25:56Z">
          <reporter-output>
          </reporter-output>
        </test-method> <!-- test1 -->
      </class> <!-- extentreport.Sample_2 -->
    </test> <!-- Default test -->
  </suite> <!-- Default suite -->
</testng-results>
